
*** Running vivado
    with args -log TOPMODULE.vdi -applog -m64 -product Vivado -messageDb vivado.pb -mode batch -source TOPMODULE.tcl -notrace


****** Vivado v2017.4 (64-bit)
  **** SW Build 2086221 on Fri Dec 15 20:55:39 MST 2017
  **** IP Build 2085800 on Fri Dec 15 22:25:07 MST 2017
    ** Copyright 1986-2017 Xilinx, Inc. All Rights Reserved.

source TOPMODULE.tcl -notrace
Command: link_design -top TOPMODULE -part xc7z020clg484-1
Design is defaulting to srcset: sources_1
Design is defaulting to constrset: constrs_1
INFO: [Netlist 29-17] Analyzing 7 Unisim elements for replacement
INFO: [Netlist 29-28] Unisim Transformation completed in 0 CPU seconds
INFO: [Project 1-479] Netlist was created with Vivado 2017.4
INFO: [Device 21-403] Loading part xc7z020clg484-1
INFO: [Project 1-570] Preparing netlist for logic optimization
INFO: [Opt 31-138] Pushed 0 inverter(s) to 0 load pin(s).
INFO: [Project 1-111] Unisim Transformation Summary:
No Unisim elements were transformed.

7 Infos, 0 Warnings, 0 Critical Warnings and 0 Errors encountered.
link_design completed successfully
link_design: Time (s): cpu = 00:00:11 ; elapsed = 00:00:13 . Memory (MB): peak = 562.625 ; gain = 335.996
Command: opt_design
Attempting to get a license for feature 'Implementation' and/or device 'xc7z020'
INFO: [Common 17-349] Got license for feature 'Implementation' and/or device 'xc7z020'
Running DRC as a precondition to command opt_design

Starting DRC Task
INFO: [DRC 23-27] Running DRC with 2 threads
INFO: [Project 1-461] DRC finished with 0 Errors
INFO: [Project 1-462] Please refer to the DRC report (report_drc) for more information.

Time (s): cpu = 00:00:01 ; elapsed = 00:00:01 . Memory (MB): peak = 578.840 ; gain = 16.215
INFO: [Timing 38-35] Done setting XDC timing constraints.

Starting Logic Optimization Task

Phase 1 Retarget
INFO: [Opt 31-138] Pushed 0 inverter(s) to 0 load pin(s).
INFO: [Opt 31-49] Retargeted 0 cell(s).
Phase 1 Retarget | Checksum: 6ad7aa5f

Time (s): cpu = 00:00:00 ; elapsed = 00:00:00.337 . Memory (MB): peak = 1134.789 ; gain = 0.000
INFO: [Opt 31-389] Phase Retarget created 0 cells and removed 0 cells

Phase 2 Constant propagation
INFO: [Opt 31-138] Pushed 0 inverter(s) to 0 load pin(s).
Phase 2 Constant propagation | Checksum: 6ad7aa5f

Time (s): cpu = 00:00:00 ; elapsed = 00:00:00.389 . Memory (MB): peak = 1134.789 ; gain = 0.000
INFO: [Opt 31-389] Phase Constant propagation created 0 cells and removed 0 cells

Phase 3 Sweep
Phase 3 Sweep | Checksum: b8c719d8

Time (s): cpu = 00:00:00 ; elapsed = 00:00:00.753 . Memory (MB): peak = 1134.789 ; gain = 0.000
INFO: [Opt 31-389] Phase Sweep created 1 cells and removed 0 cells

Phase 4 BUFG optimization
Phase 4 BUFG optimization | Checksum: b8c719d8

Time (s): cpu = 00:00:00 ; elapsed = 00:00:00.863 . Memory (MB): peak = 1134.789 ; gain = 0.000
INFO: [Opt 31-389] Phase BUFG optimization created 0 cells and removed 0 cells

Phase 5 Shift Register Optimization
Phase 5 Shift Register Optimization | Checksum: b8c719d8

Time (s): cpu = 00:00:00 ; elapsed = 00:00:00.931 . Memory (MB): peak = 1134.789 ; gain = 0.000
INFO: [Opt 31-389] Phase Shift Register Optimization created 0 cells and removed 0 cells

Starting Connectivity Check Task

Time (s): cpu = 00:00:00 ; elapsed = 00:00:00.003 . Memory (MB): peak = 1134.789 ; gain = 0.000
Ending Logic Optimization Task | Checksum: b8c719d8

Time (s): cpu = 00:00:00 ; elapsed = 00:00:00.954 . Memory (MB): peak = 1134.789 ; gain = 0.000

Starting Power Optimization Task
INFO: [Pwropt 34-132] Skipping clock gating for clocks with a period < 2.00 ns.
Ending Power Optimization Task | Checksum: 128fd2824

Time (s): cpu = 00:00:00 ; elapsed = 00:00:00.552 . Memory (MB): peak = 1134.789 ; gain = 0.000
INFO: [Common 17-83] Releasing license: Implementation
22 Infos, 0 Warnings, 0 Critical Warnings and 0 Errors encountered.
opt_design completed successfully
opt_design: Time (s): cpu = 00:00:18 ; elapsed = 00:00:21 . Memory (MB): peak = 1134.789 ; gain = 572.164
INFO: [Common 17-1381] The checkpoint 'C:/Users/Breac_000/YandexDisk/Work Projects/Verilog/JTAG/TAP/JTAG_project/JTAG_project.runs/impl_1/TOPMODULE_opt.dcp' has been generated.
INFO: [runtcl-4] Executing : report_drc -file TOPMODULE_drc_opted.rpt -pb TOPMODULE_drc_opted.pb -rpx TOPMODULE_drc_opted.rpx
Command: report_drc -file TOPMODULE_drc_opted.rpt -pb TOPMODULE_drc_opted.pb -rpx TOPMODULE_drc_opted.rpx
INFO: [IP_Flow 19-234] Refreshing IP repositories
INFO: [IP_Flow 19-1704] No user IP repositories specified
INFO: [IP_Flow 19-2313] Loaded Vivado IP repository 'D:/Programs/XSDK/Vivado/2017.4/data/ip'.
INFO: [DRC 23-27] Running DRC with 2 threads
INFO: [Coretcl 2-168] The results of DRC are in file C:/Users/Breac_000/YandexDisk/Work Projects/Verilog/JTAG/TAP/JTAG_project/JTAG_project.runs/impl_1/TOPMODULE_drc_opted.rpt.
report_drc completed successfully
report_drc: Time (s): cpu = 00:00:06 ; elapsed = 00:00:05 . Memory (MB): peak = 1134.789 ; gain = 0.000
INFO: [Chipscope 16-241] No debug cores found in the current design.
Before running the implement_debug_core command, either use the Set Up Debug wizard (GUI mode)
or use the create_debug_core and connect_debug_core Tcl commands to insert debug cores into the design.
Command: place_design
Attempting to get a license for feature 'Implementation' and/or device 'xc7z020'
INFO: [Common 17-349] Got license for feature 'Implementation' and/or device 'xc7z020'
INFO: [DRC 23-27] Running DRC with 2 threads
INFO: [Vivado_Tcl 4-198] DRC finished with 0 Errors
INFO: [Vivado_Tcl 4-199] Please refer to the DRC report (report_drc) for more information.
Running DRC as a precondition to command place_design
INFO: [DRC 23-27] Running DRC with 2 threads
INFO: [Vivado_Tcl 4-198] DRC finished with 0 Errors
INFO: [Vivado_Tcl 4-199] Please refer to the DRC report (report_drc) for more information.

Starting Placer Task
INFO: [Place 30-611] Multithreading enabled for place_design using a maximum of 2 CPUs

Phase 1 Placer Initialization

Phase 1.1 Placer Initialization Netlist Sorting
Netlist sorting complete. Time (s): cpu = 00:00:00 ; elapsed = 00:00:00 . Memory (MB): peak = 1134.789 ; gain = 0.000
Phase 1.1 Placer Initialization Netlist Sorting | Checksum: 38af9a76

Time (s): cpu = 00:00:00 ; elapsed = 00:00:00.349 . Memory (MB): peak = 1134.789 ; gain = 0.000
INFO: [Timing 38-35] Done setting XDC timing constraints.
INFO: [Opt 31-138] Pushed 0 inverter(s) to 0 load pin(s).
Netlist sorting complete. Time (s): cpu = 00:00:00 ; elapsed = 00:00:00 . Memory (MB): peak = 1134.789 ; gain = 0.000

Phase 1.2 IO Placement/ Clock Placement/ Build Placer Device
INFO: [Timing 38-35] Done setting XDC timing constraints.
Phase 1.2 IO Placement/ Clock Placement/ Build Placer Device | Checksum: 911e52b1

Time (s): cpu = 00:00:03 ; elapsed = 00:00:03 . Memory (MB): peak = 1134.789 ; gain = 0.000

Phase 1.3 Build Placer Netlist Model
Phase 1.3 Build Placer Netlist Model | Checksum: 111e9929c

Time (s): cpu = 00:00:03 ; elapsed = 00:00:03 . Memory (MB): peak = 1134.789 ; gain = 0.000

Phase 1.4 Constrain Clocks/Macros
Phase 1.4 Constrain Clocks/Macros | Checksum: 111e9929c

Time (s): cpu = 00:00:03 ; elapsed = 00:00:03 . Memory (MB): peak = 1134.789 ; gain = 0.000
Phase 1 Placer Initialization | Checksum: 111e9929c

Time (s): cpu = 00:00:03 ; elapsed = 00:00:03 . Memory (MB): peak = 1134.789 ; gain = 0.000

Phase 2 Global Placement
Phase 2 Global Placement | Checksum: bd60001e

Time (s): cpu = 00:00:05 ; elapsed = 00:00:06 . Memory (MB): peak = 1134.789 ; gain = 0.000

Phase 3 Detail Placement

Phase 3.1 Commit Multi Column Macros
Phase 3.1 Commit Multi Column Macros | Checksum: bd60001e

Time (s): cpu = 00:00:05 ; elapsed = 00:00:06 . Memory (MB): peak = 1134.789 ; gain = 0.000

Phase 3.2 Commit Most Macros & LUTRAMs
Phase 3.2 Commit Most Macros & LUTRAMs | Checksum: 2465d754c

Time (s): cpu = 00:00:05 ; elapsed = 00:00:06 . Memory (MB): peak = 1134.789 ; gain = 0.000

Phase 3.3 Area Swap Optimization
Phase 3.3 Area Swap Optimization | Checksum: 21ac9b866

Time (s): cpu = 00:00:05 ; elapsed = 00:00:06 . Memory (MB): peak = 1134.789 ; gain = 0.000

Phase 3.4 Pipeline Register Optimization
Phase 3.4 Pipeline Register Optimization | Checksum: 1758d6a54

Time (s): cpu = 00:00:05 ; elapsed = 00:00:06 . Memory (MB): peak = 1134.789 ; gain = 0.000

Phase 3.5 Small Shape Detail Placement
Phase 3.5 Small Shape Detail Placement | Checksum: 124f0c429

Time (s): cpu = 00:00:05 ; elapsed = 00:00:07 . Memory (MB): peak = 1134.789 ; gain = 0.000

Phase 3.6 Re-assign LUT pins
Phase 3.6 Re-assign LUT pins | Checksum: 124f0c429

Time (s): cpu = 00:00:05 ; elapsed = 00:00:07 . Memory (MB): peak = 1134.789 ; gain = 0.000

Phase 3.7 Pipeline Register Optimization
Phase 3.7 Pipeline Register Optimization | Checksum: 124f0c429

Time (s): cpu = 00:00:05 ; elapsed = 00:00:07 . Memory (MB): peak = 1134.789 ; gain = 0.000
Phase 3 Detail Placement | Checksum: 124f0c429

Time (s): cpu = 00:00:05 ; elapsed = 00:00:07 . Memory (MB): peak = 1134.789 ; gain = 0.000

Phase 4 Post Placement Optimization and Clean-Up

Phase 4.1 Post Commit Optimization
Phase 4.1 Post Commit Optimization | Checksum: 124f0c429

Time (s): cpu = 00:00:05 ; elapsed = 00:00:07 . Memory (MB): peak = 1134.789 ; gain = 0.000

Phase 4.2 Post Placement Cleanup
Phase 4.2 Post Placement Cleanup | Checksum: 124f0c429

Time (s): cpu = 00:00:05 ; elapsed = 00:00:07 . Memory (MB): peak = 1134.789 ; gain = 0.000

Phase 4.3 Placer Reporting
Phase 4.3 Placer Reporting | Checksum: 124f0c429

Time (s): cpu = 00:00:05 ; elapsed = 00:00:07 . Memory (MB): peak = 1134.789 ; gain = 0.000

Phase 4.4 Final Placement Cleanup
Phase 4.4 Final Placement Cleanup | Checksum: 199f98879

Time (s): cpu = 00:00:05 ; elapsed = 00:00:07 . Memory (MB): peak = 1134.789 ; gain = 0.000
Phase 4 Post Placement Optimization and Clean-Up | Checksum: 199f98879

Time (s): cpu = 00:00:05 ; elapsed = 00:00:07 . Memory (MB): peak = 1134.789 ; gain = 0.000
Ending Placer Task | Checksum: 160fabaac

Time (s): cpu = 00:00:05 ; elapsed = 00:00:07 . Memory (MB): peak = 1134.789 ; gain = 0.000
INFO: [Common 17-83] Releasing license: Implementation
42 Infos, 0 Warnings, 0 Critical Warnings and 0 Errors encountered.
place_design completed successfully
place_design: Time (s): cpu = 00:00:07 ; elapsed = 00:00:08 . Memory (MB): peak = 1134.789 ; gain = 0.000
Writing placer database...
Writing XDEF routing.
Writing XDEF routing logical nets.
Writing XDEF routing special nets.
Write XDEF Complete: Time (s): cpu = 00:00:01 ; elapsed = 00:00:00.608 . Memory (MB): peak = 1134.789 ; gain = 0.000
INFO: [Common 17-1381] The checkpoint 'C:/Users/Breac_000/YandexDisk/Work Projects/Verilog/JTAG/TAP/JTAG_project/JTAG_project.runs/impl_1/TOPMODULE_placed.dcp' has been generated.
INFO: [runtcl-4] Executing : report_io -file TOPMODULE_io_placed.rpt
report_io: Time (s): cpu = 00:00:00 ; elapsed = 00:00:00.337 . Memory (MB): peak = 1134.789 ; gain = 0.000
INFO: [runtcl-4] Executing : report_utilization -file TOPMODULE_utilization_placed.rpt -pb TOPMODULE_utilization_placed.pb
report_utilization: Time (s): cpu = 00:00:00 ; elapsed = 00:00:00.122 . Memory (MB): peak = 1134.789 ; gain = 0.000
INFO: [runtcl-4] Executing : report_control_sets -verbose -file TOPMODULE_control_sets_placed.rpt
report_control_sets: Time (s): cpu = 00:00:00 ; elapsed = 00:00:00.083 . Memory (MB): peak = 1134.789 ; gain = 0.000
Command: route_design
Attempting to get a license for feature 'Implementation' and/or device 'xc7z020'
INFO: [Common 17-349] Got license for feature 'Implementation' and/or device 'xc7z020'
Running DRC as a precondition to command route_design
INFO: [DRC 23-27] Running DRC with 2 threads
INFO: [Vivado_Tcl 4-198] DRC finished with 0 Errors
INFO: [Vivado_Tcl 4-199] Please refer to the DRC report (report_drc) for more information.


Starting Routing Task
INFO: [Route 35-254] Multithreading enabled for route_design using a maximum of 2 CPUs
Checksum: PlaceDB: 6b238d2f ConstDB: 0 ShapeSum: f5d72d7d RouteDB: 0

Phase 1 Build RT Design
Phase 1 Build RT Design | Checksum: dec7bc22

Time (s): cpu = 00:00:50 ; elapsed = 00:00:46 . Memory (MB): peak = 1259.207 ; gain = 124.418
Post Restoration Checksum: NetGraph: 461f6bc1 NumContArr: 98a85061 Constraints: 0 Timing: 0

Phase 2 Router Initialization
INFO: [Route 35-64] No timing constraints were detected. The router will operate in resource-optimization mode.

Phase 2.1 Fix Topology Constraints
Phase 2.1 Fix Topology Constraints | Checksum: dec7bc22

Time (s): cpu = 00:00:50 ; elapsed = 00:00:47 . Memory (MB): peak = 1265.254 ; gain = 130.465

Phase 2.2 Pre Route Cleanup
Phase 2.2 Pre Route Cleanup | Checksum: dec7bc22

Time (s): cpu = 00:00:50 ; elapsed = 00:00:47 . Memory (MB): peak = 1265.254 ; gain = 130.465
 Number of Nodes with overlaps = 0
Phase 2 Router Initialization | Checksum: 19abc4b51

Time (s): cpu = 00:00:50 ; elapsed = 00:00:47 . Memory (MB): peak = 1276.219 ; gain = 141.430

Phase 3 Initial Routing
Phase 3 Initial Routing | Checksum: ff4f83a9

Time (s): cpu = 00:00:50 ; elapsed = 00:00:48 . Memory (MB): peak = 1276.219 ; gain = 141.430

Phase 4 Rip-up And Reroute

Phase 4.1 Global Iteration 0
 Number of Nodes with overlaps = 8
 Number of Nodes with overlaps = 0
Phase 4.1 Global Iteration 0 | Checksum: be67bb0f

Time (s): cpu = 00:00:50 ; elapsed = 00:00:48 . Memory (MB): peak = 1276.219 ; gain = 141.430
Phase 4 Rip-up And Reroute | Checksum: be67bb0f

Time (s): cpu = 00:00:50 ; elapsed = 00:00:48 . Memory (MB): peak = 1276.219 ; gain = 141.430

Phase 5 Delay and Skew Optimization
Phase 5 Delay and Skew Optimization | Checksum: be67bb0f

Time (s): cpu = 00:00:50 ; elapsed = 00:00:48 . Memory (MB): peak = 1276.219 ; gain = 141.430

Phase 6 Post Hold Fix

Phase 6.1 Hold Fix Iter
Phase 6.1 Hold Fix Iter | Checksum: be67bb0f

Time (s): cpu = 00:00:50 ; elapsed = 00:00:48 . Memory (MB): peak = 1276.219 ; gain = 141.430
Phase 6 Post Hold Fix | Checksum: be67bb0f

Time (s): cpu = 00:00:50 ; elapsed = 00:00:48 . Memory (MB): peak = 1276.219 ; gain = 141.430

Phase 7 Route finalize

Router Utilization Summary
  Global Vertical Routing Utilization    = 0.0147044 %
  Global Horizontal Routing Utilization  = 0.0151285 %
  Routable Net Status*
  *Does not include unroutable nets such as driverless and loadless.
  Run report_route_status for detailed report.
  Number of Failed Nets               = 0
  Number of Unrouted Nets             = 0
  Number of Partially Routed Nets     = 0
  Number of Node Overlaps             = 0

Utilization threshold used for congestion level computation: 0.85
Congestion Report
North Dir 1x1 Area, Max Cong = 21.6216%, No Congested Regions.
South Dir 1x1 Area, Max Cong = 12.6126%, No Congested Regions.
East Dir 1x1 Area, Max Cong = 13.2353%, No Congested Regions.
West Dir 1x1 Area, Max Cong = 20.5882%, No Congested Regions.
Phase 7 Route finalize | Checksum: be67bb0f

Time (s): cpu = 00:00:51 ; elapsed = 00:00:48 . Memory (MB): peak = 1276.219 ; gain = 141.430

Phase 8 Verifying routed nets

 Verification completed successfully
Phase 8 Verifying routed nets | Checksum: be67bb0f

Time (s): cpu = 00:00:51 ; elapsed = 00:00:48 . Memory (MB): peak = 1276.219 ; gain = 141.430

Phase 9 Depositing Routes
Phase 9 Depositing Routes | Checksum: d6ab51e7

Time (s): cpu = 00:00:51 ; elapsed = 00:00:48 . Memory (MB): peak = 1276.219 ; gain = 141.430
INFO: [Route 35-16] Router Completed Successfully

Time (s): cpu = 00:00:51 ; elapsed = 00:00:48 . Memory (MB): peak = 1276.219 ; gain = 141.430

Routing Is Done.
INFO: [Common 17-83] Releasing license: Implementation
54 Infos, 0 Warnings, 0 Critical Warnings and 0 Errors encountered.
route_design completed successfully
route_design: Time (s): cpu = 00:00:53 ; elapsed = 00:00:50 . Memory (MB): peak = 1276.219 ; gain = 141.430
Writing placer database...
Writing XDEF routing.
Writing XDEF routing logical nets.
Writing XDEF routing special nets.
Write XDEF Complete: Time (s): cpu = 00:00:00 ; elapsed = 00:00:00.205 . Memory (MB): peak = 1276.219 ; gain = 0.000
INFO: [Common 17-1381] The checkpoint 'C:/Users/Breac_000/YandexDisk/Work Projects/Verilog/JTAG/TAP/JTAG_project/JTAG_project.runs/impl_1/TOPMODULE_routed.dcp' has been generated.
INFO: [runtcl-4] Executing : report_drc -file TOPMODULE_drc_routed.rpt -pb TOPMODULE_drc_routed.pb -rpx TOPMODULE_drc_routed.rpx
Command: report_drc -file TOPMODULE_drc_routed.rpt -pb TOPMODULE_drc_routed.pb -rpx TOPMODULE_drc_routed.rpx
INFO: [IP_Flow 19-1839] IP Catalog is up to date.
INFO: [DRC 23-27] Running DRC with 2 threads
INFO: [Coretcl 2-168] The results of DRC are in file C:/Users/Breac_000/YandexDisk/Work Projects/Verilog/JTAG/TAP/JTAG_project/JTAG_project.runs/impl_1/TOPMODULE_drc_routed.rpt.
report_drc completed successfully
INFO: [runtcl-4] Executing : report_methodology -file TOPMODULE_methodology_drc_routed.rpt -pb TOPMODULE_methodology_drc_routed.pb -rpx TOPMODULE_methodology_drc_routed.rpx
Command: report_methodology -file TOPMODULE_methodology_drc_routed.rpt -pb TOPMODULE_methodology_drc_routed.pb -rpx TOPMODULE_methodology_drc_routed.rpx
INFO: [Timing 38-35] Done setting XDC timing constraints.
INFO: [Timing 38-35] Done setting XDC timing constraints.
INFO: [DRC 23-133] Running Methodology with 2 threads
INFO: [Coretcl 2-1520] The results of Report Methodology are in file C:/Users/Breac_000/YandexDisk/Work Projects/Verilog/JTAG/TAP/JTAG_project/JTAG_project.runs/impl_1/TOPMODULE_methodology_drc_routed.rpt.
report_methodology completed successfully
INFO: [runtcl-4] Executing : report_power -file TOPMODULE_power_routed.rpt -pb TOPMODULE_power_summary_routed.pb -rpx TOPMODULE_power_routed.rpx
Command: report_power -file TOPMODULE_power_routed.rpt -pb TOPMODULE_power_summary_routed.pb -rpx TOPMODULE_power_routed.rpx
WARNING: [Power 33-232] No user defined clocks were found in the design!
Resolution: Please specify clocks using create_clock/create_generated_clock for sequential elements. For pure combinatorial circuits, please specify a virtual clock, otherwise the vectorless estimation might be inaccurate
INFO: [Timing 38-35] Done setting XDC timing constraints.
Running Vector-less Activity Propagation...

Finished Running Vector-less Activity Propagation
66 Infos, 1 Warnings, 0 Critical Warnings and 0 Errors encountered.
report_power completed successfully
INFO: [runtcl-4] Executing : report_route_status -file TOPMODULE_route_status.rpt -pb TOPMODULE_route_status.pb
INFO: [runtcl-4] Executing : report_timing_summary -max_paths 10 -file TOPMODULE_timing_summary_routed.rpt -rpx TOPMODULE_timing_summary_routed.rpx -warn_on_violation 
INFO: [Timing 38-91] UpdateTimingParams: Speed grade: -1, Delay Type: min_max.
INFO: [Timing 38-191] Multithreading enabled for timing update using a maximum of 2 CPUs
WARNING: [Timing 38-313] There are no user specified timing constraints. Timing constraints are needed for proper timing analysis.
INFO: [runtcl-4] Executing : report_incremental_reuse -file TOPMODULE_incremental_reuse_routed.rpt
INFO: [Vivado_Tcl 4-545] No incremental reuse to report, no incremental placement and routing data was found.
INFO: [runtcl-4] Executing : report_clock_utilization -file TOPMODULE_clock_utilization_routed.rpt
INFO: [Common 17-206] Exiting Vivado at Tue Nov 27 07:51:38 2018...
